<?xml version="1.0" encoding="UTF-8"?>
<!-- Generated by org.testng.reporters.JUnitReportReporter -->
<testsuite skipped="0" hostname="Anshuls-MacBook-Air.local" name="com.liveproject.AddDeleteStockInPortfolio" tests="2" failures="0" timestamp="01 May 2019 15:31:19 GMT" time="138.929" errors="0">
  <testcase name="deleteStock" time="51.449" classname="com.liveproject.AddDeleteStockInPortfolio"/>
  <testcase name="addStockTest" time="87.480" classname="com.liveproject.AddDeleteStockInPortfolio"/>
</testsuite> <!-- com.liveproject.AddDeleteStockInPortfolio -->
