<?xml version="1.0" encoding="UTF-8"?>
<!-- Generated by org.testng.reporters.JUnitReportReporter -->
<testsuite skipped="0" hostname="Anshuls-MacBook-Air.local" name="com.daradriver.framework.test.LoginTest.loginTest" tests="3" failures="0" timestamp="05 May 2019 05:32:03 GMT" time="62.575" errors="0">
  <testcase name="testTwo" time="18.260" classname="com.daradriver.framework.test.LoginTest.loginTest"/>
  <testcase name="testOne" time="20.600" classname="com.daradriver.framework.test.LoginTest.loginTest"/>
  <testcase name="testThree" time="23.715" classname="com.daradriver.framework.test.LoginTest.loginTest"/>
</testsuite> <!-- com.daradriver.framework.test.LoginTest.loginTest -->
