<?xml version="1.0" encoding="UTF-8"?>
<!-- Generated by org.testng.reporters.JUnitReportReporter -->
<testsuite skipped="0" hostname="Anshuls-MacBook-Air.local" name="com.daradriver.framework.test.LoginTest.loginTest" tests="3" failures="0" timestamp="04 May 2019 17:42:26 GMT" time="37.732" errors="0">
  <testcase name="testTwo" time="14.726" classname="com.daradriver.framework.test.LoginTest.loginTest"/>
  <testcase name="testOne" time="11.758" classname="com.daradriver.framework.test.LoginTest.loginTest"/>
  <testcase name="testThree" time="11.248" classname="com.daradriver.framework.test.LoginTest.loginTest"/>
</testsuite> <!-- com.daradriver.framework.test.LoginTest.loginTest -->
