<?xml version="1.0" encoding="UTF-8"?>
<!-- Generated by org.testng.reporters.JUnitReportReporter -->
<testsuite skipped="0" hostname="Anshuls-MacBook-Air.local" name="com.testng.dataprovider.DataProviderParameterExample" tests="3" failures="0" timestamp="04 Jan 2019 15:13:12 GMT" time="0.020" errors="0">
  <testcase name="scenario1" time="0.006" classname="com.testng.dataprovider.DataProviderParameterExample"/>
  <testcase name="scenario2" time="0.002" classname="com.testng.dataprovider.DataProviderParameterExample"/>
  <testcase name="commonScenarios" time="0.012" classname="com.testng.dataprovider.DataProviderParameterExample"/>
</testsuite> <!-- com.testng.dataprovider.DataProviderParameterExample -->
