<?xml version="1.0" encoding="UTF-8"?>
<!-- Generated by org.testng.reporters.JUnitReportReporter -->
<testsuite skipped="0" hostname="Anshuls-MacBook-Air.local" name="TestCases.MyPorfolioTest" tests="3" failures="0" timestamp="09 Jun 2019 07:15:52 GMT" time="158.210" errors="0">
  <testcase name="deletePortfolio" time="46.156" classname="TestCases.MyPorfolioTest"/>
  <testcase name="deletePortfolio" time="73.984" classname="TestCases.MyPorfolioTest"/>
  <testcase name="deletePortfolio" time="38.070" classname="TestCases.MyPorfolioTest"/>
</testsuite> <!-- TestCases.MyPorfolioTest -->
