<?xml version="1.0" encoding="UTF-8"?>
<!-- Generated by org.testng.reporters.JUnitReportReporter -->
<testsuite skipped="0" hostname="Anshuls-MacBook-Air.local" name="TestCases.MyPorfolioTest" tests="1" failures="0" timestamp="02 Jun 2019 05:35:52 GMT" time="27.993" errors="0">
  <testcase name="openPorfolio" time="27.993" classname="TestCases.MyPorfolioTest"/>
</testsuite> <!-- TestCases.MyPorfolioTest -->
